{"/Users/agnieszkapyszka/Documents/flashcards-project/src/components/BulkSaveButton.tsx": {"path":"/Users/agnieszkapyszka/Documents/flashcards-project/src/components/BulkSaveButton.tsx","statementMap":{"0":{"start":{"line":16,"column":30},"end":{"line":16,"column":null}},"1":{"start":{"line":17,"column":24},"end":{"line":17,"column":null}},"2":{"start":{"line":19,"column":21},"end":{"line":57,"column":null}},"3":{"start":{"line":20,"column":4},"end":{"line":56,"column":null}},"4":{"start":{"line":21,"column":6},"end":{"line":21,"column":null}},"5":{"start":{"line":22,"column":6},"end":{"line":22,"column":null}},"6":{"start":{"line":24,"column":31},"end":{"line":31,"column":null}},"7":{"start":{"line":25,"column":26},"end":{"line":25,"column":56}},"8":{"start":{"line":26,"column":24},"end":{"line":31,"column":10}},"9":{"start":{"line":33,"column":47},"end":{"line":35,"column":null}},"10":{"start":{"line":37,"column":23},"end":{"line":41,"column":null}},"11":{"start":{"line":43,"column":6},"end":{"line":45,"column":null}},"12":{"start":{"line":44,"column":8},"end":{"line":44,"column":null}},"13":{"start":{"line":47,"column":6},"end":{"line":49,"column":null}},"14":{"start":{"line":51,"column":6},"end":{"line":51,"column":null}},"15":{"start":{"line":53,"column":6},"end":{"line":53,"column":null}},"16":{"start":{"line":55,"column":6},"end":{"line":55,"column":null}},"17":{"start":{"line":59,"column":2},"end":{"line":96,"column":null}},"18":{"start":{"line":64,"column":25},"end":{"line":64,"column":null}},"19":{"start":{"line":65,"column":71},"end":{"line":65,"column":84}},"20":{"start":{"line":80,"column":25},"end":{"line":80,"column":null}}},"fnMap":{"0":{"name":"BulkSaveButton","decl":{"start":{"line":15,"column":16},"end":{"line":15,"column":31}},"loc":{"start":{"line":15,"column":103},"end":{"line":98,"column":null}},"line":15},"1":{"name":"(anonymous_1)","decl":{"start":{"line":19,"column":21},"end":{"line":19,"column":28}},"loc":{"start":{"line":19,"column":54},"end":{"line":57,"column":null}},"line":19},"2":{"name":"(anonymous_2)","decl":{"start":{"line":25,"column":16},"end":{"line":25,"column":17}},"loc":{"start":{"line":25,"column":26},"end":{"line":25,"column":56}},"line":25},"3":{"name":"(anonymous_3)","decl":{"start":{"line":26,"column":13},"end":{"line":26,"column":14}},"loc":{"start":{"line":26,"column":24},"end":{"line":31,"column":10}},"line":26},"4":{"name":"(anonymous_4)","decl":{"start":{"line":64,"column":19},"end":{"line":64,"column":25}},"loc":{"start":{"line":64,"column":25},"end":{"line":64,"column":null}},"line":64},"5":{"name":"(anonymous_5)","decl":{"start":{"line":65,"column":61},"end":{"line":65,"column":62}},"loc":{"start":{"line":65,"column":71},"end":{"line":65,"column":84}},"line":65},"6":{"name":"(anonymous_6)","decl":{"start":{"line":80,"column":19},"end":{"line":80,"column":25}},"loc":{"start":{"line":80,"column":25},"end":{"line":80,"column":null}},"line":80}},"branchMap":{"0":{"loc":{"start":{"line":25,"column":26},"end":{"line":25,"column":56}},"type":"binary-expr","locations":[{"start":{"line":25,"column":26},"end":{"line":25,"column":43}},{"start":{"line":25,"column":43},"end":{"line":25,"column":56}}],"line":25},"1":{"loc":{"start":{"line":43,"column":6},"end":{"line":45,"column":null}},"type":"if","locations":[{"start":{"line":43,"column":6},"end":{"line":45,"column":null}},{"start":{},"end":{}}],"line":43},"2":{"loc":{"start":{"line":53,"column":15},"end":{"line":53,"column":86}},"type":"cond-expr","locations":[{"start":{"line":53,"column":40},"end":{"line":53,"column":56}},{"start":{"line":53,"column":56},"end":{"line":53,"column":86}}],"line":53},"3":{"loc":{"start":{"line":61,"column":7},"end":{"line":61,"column":null}},"type":"binary-expr","locations":[{"start":{"line":61,"column":7},"end":{"line":61,"column":16}},{"start":{"line":61,"column":16},"end":{"line":61,"column":null}}],"line":61},"4":{"loc":{"start":{"line":65,"column":20},"end":{"line":65,"column":null}},"type":"binary-expr","locations":[{"start":{"line":65,"column":20},"end":{"line":65,"column":32}},{"start":{"line":65,"column":32},"end":{"line":65,"column":44}},{"start":{"line":65,"column":44},"end":{"line":65,"column":null}}],"line":65},"5":{"loc":{"start":{"line":69,"column":11},"end":{"line":75,"column":null}},"type":"cond-expr","locations":[{"start":{"line":70,"column":12},"end":{"line":73,"column":null}},{"start":{"line":75,"column":12},"end":{"line":75,"column":null}}],"line":69},"6":{"loc":{"start":{"line":81,"column":20},"end":{"line":81,"column":null}},"type":"binary-expr","locations":[{"start":{"line":81,"column":20},"end":{"line":81,"column":32}},{"start":{"line":81,"column":32},"end":{"line":81,"column":null}}],"line":81},"7":{"loc":{"start":{"line":86,"column":11},"end":{"line":92,"column":null}},"type":"cond-expr","locations":[{"start":{"line":87,"column":12},"end":{"line":90,"column":null}},{"start":{"line":92,"column":12},"end":{"line":92,"column":null}}],"line":86}},"s":{"0":18,"1":18,"2":18,"3":3,"4":3,"5":3,"6":3,"7":9,"8":8,"9":3,"10":3,"11":3,"12":1,"13":2,"14":2,"15":1,"16":3,"17":18,"18":1,"19":21,"20":2},"f":{"0":18,"1":3,"2":9,"3":8,"4":1,"5":21,"6":2},"b":{"0":[9,3],"1":[1,2],"2":[1,0],"3":[18,1],"4":[18,17,14],"5":[3,15],"6":[18,17],"7":[3,15]},"meta":{"lastBranch":8,"lastFunction":7,"lastStatement":21,"seen":{"f:15:16:15:31":0,"s:16:30:16:Infinity":0,"s:17:24:17:Infinity":1,"s:19:21:57:Infinity":2,"f:19:21:19:28":1,"s:20:4:56:Infinity":3,"s:21:6:21:Infinity":4,"s:22:6:22:Infinity":5,"s:24:31:31:Infinity":6,"f:25:16:25:17":2,"s:25:26:25:56":7,"b:25:26:25:43:25:43:25:56":0,"f:26:13:26:14":3,"s:26:24:31:10":8,"s:33:47:35:Infinity":9,"s:37:23:41:Infinity":10,"b:43:6:45:Infinity:undefined:undefined:undefined:undefined":1,"s:43:6:45:Infinity":11,"s:44:8:44:Infinity":12,"s:47:6:49:Infinity":13,"s:51:6:51:Infinity":14,"s:53:6:53:Infinity":15,"b:53:40:53:56:53:56:53:86":2,"s:55:6:55:Infinity":16,"s:59:2:96:Infinity":17,"b:61:7:61:16:61:16:61:Infinity":3,"f:64:19:64:25":4,"s:64:25:64:Infinity":18,"b:65:20:65:32:65:32:65:44:65:44:65:Infinity":4,"f:65:61:65:62":5,"s:65:71:65:84":19,"b:70:12:73:Infinity:75:12:75:Infinity":5,"f:80:19:80:25":6,"s:80:25:80:Infinity":20,"b:81:20:81:32:81:32:81:Infinity":6,"b:87:12:90:Infinity:92:12:92:Infinity":7}}}
,"/Users/agnieszkapyszka/Documents/flashcards-project/src/components/EmptyState.tsx": {"path":"/Users/agnieszkapyszka/Documents/flashcards-project/src/components/EmptyState.tsx","statementMap":{"0":{"start":{"line":5,"column":2},"end":{"line":27,"column":null}}},"fnMap":{"0":{"name":"EmptyState","decl":{"start":{"line":4,"column":16},"end":{"line":4,"column":29}},"loc":{"start":{"line":4,"column":29},"end":{"line":29,"column":null}},"line":4}},"branchMap":{},"s":{"0":21},"f":{"0":21},"b":{},"meta":{"lastBranch":0,"lastFunction":1,"lastStatement":1,"seen":{"f:4:16:4:29":0,"s:5:2:27:Infinity":0}}}
,"/Users/agnieszkapyszka/Documents/flashcards-project/src/components/ErrorNotification.tsx": {"path":"/Users/agnieszkapyszka/Documents/flashcards-project/src/components/ErrorNotification.tsx","statementMap":{"0":{"start":{"line":12,"column":2},"end":{"line":27,"column":null}}},"fnMap":{"0":{"name":"ErrorNotification","decl":{"start":{"line":11,"column":16},"end":{"line":11,"column":34}},"loc":{"start":{"line":11,"column":80},"end":{"line":29,"column":null}},"line":11}},"branchMap":{"0":{"loc":{"start":{"line":16,"column":7},"end":{"line":25,"column":null}},"type":"binary-expr","locations":[{"start":{"line":16,"column":7},"end":{"line":16,"column":null}},{"start":{"line":17,"column":8},"end":{"line":25,"column":null}}],"line":16}},"s":{"0":2},"f":{"0":2},"b":{"0":[2,0]},"meta":{"lastBranch":1,"lastFunction":1,"lastStatement":1,"seen":{"f:11:16:11:34":0,"s:12:2:27:Infinity":0,"b:16:7:16:Infinity:17:8:25:Infinity":0}}}
,"/Users/agnieszkapyszka/Documents/flashcards-project/src/components/FlashcardGenerationView.tsx": {"path":"/Users/agnieszkapyszka/Documents/flashcards-project/src/components/FlashcardGenerationView.tsx","statementMap":{"0":{"start":{"line":17,"column":32},"end":{"line":17,"column":null}},"1":{"start":{"line":18,"column":32},"end":{"line":18,"column":null}},"2":{"start":{"line":19,"column":38},"end":{"line":19,"column":null}},"3":{"start":{"line":20,"column":38},"end":{"line":20,"column":null}},"4":{"start":{"line":21,"column":34},"end":{"line":21,"column":null}},"5":{"start":{"line":22,"column":38},"end":{"line":22,"column":null}},"6":{"start":{"line":24,"column":27},"end":{"line":27,"column":null}},"7":{"start":{"line":25,"column":4},"end":{"line":25,"column":null}},"8":{"start":{"line":26,"column":4},"end":{"line":26,"column":null}},"9":{"start":{"line":29,"column":35},"end":{"line":60,"column":null}},"10":{"start":{"line":30,"column":4},"end":{"line":59,"column":null}},"11":{"start":{"line":31,"column":6},"end":{"line":31,"column":null}},"12":{"start":{"line":32,"column":6},"end":{"line":32,"column":null}},"13":{"start":{"line":34,"column":23},"end":{"line":38,"column":null}},"14":{"start":{"line":40,"column":6},"end":{"line":42,"column":null}},"15":{"start":{"line":41,"column":8},"end":{"line":41,"column":null}},"16":{"start":{"line":44,"column":48},"end":{"line":44,"column":null}},"17":{"start":{"line":45,"column":6},"end":{"line":45,"column":null}},"18":{"start":{"line":46,"column":6},"end":{"line":53,"column":null}},"19":{"start":{"line":47,"column":53},"end":{"line":52,"column":10}},"20":{"start":{"line":54,"column":6},"end":{"line":54,"column":null}},"21":{"start":{"line":56,"column":6},"end":{"line":56,"column":null}},"22":{"start":{"line":58,"column":6},"end":{"line":58,"column":null}},"23":{"start":{"line":62,"column":32},"end":{"line":64,"column":null}},"24":{"start":{"line":63,"column":4},"end":{"line":63,"column":null}},"25":{"start":{"line":63,"column":28},"end":{"line":63,"column":101}},"26":{"start":{"line":63,"column":51},"end":{"line":63,"column":100}},"27":{"start":{"line":66,"column":32},"end":{"line":68,"column":null}},"28":{"start":{"line":67,"column":4},"end":{"line":67,"column":null}},"29":{"start":{"line":67,"column":28},"end":{"line":67,"column":102}},"30":{"start":{"line":67,"column":51},"end":{"line":67,"column":101}},"31":{"start":{"line":70,"column":30},"end":{"line":74,"column":null}},"32":{"start":{"line":71,"column":4},"end":{"line":73,"column":null}},"33":{"start":{"line":72,"column":6},"end":{"line":72,"column":null}},"34":{"start":{"line":72,"column":29},"end":{"line":72,"column":119}},"35":{"start":{"line":76,"column":28},"end":{"line":81,"column":null}},"36":{"start":{"line":77,"column":4},"end":{"line":77,"column":null}},"37":{"start":{"line":78,"column":4},"end":{"line":78,"column":null}},"38":{"start":{"line":79,"column":4},"end":{"line":79,"column":null}},"39":{"start":{"line":80,"column":4},"end":{"line":80,"column":null}},"40":{"start":{"line":83,"column":2},"end":{"line":115,"column":null}}},"fnMap":{"0":{"name":"FlashcardGenerationView","decl":{"start":{"line":16,"column":16},"end":{"line":16,"column":42}},"loc":{"start":{"line":16,"column":42},"end":{"line":117,"column":null}},"line":16},"1":{"name":"(anonymous_1)","decl":{"start":{"line":24,"column":27},"end":{"line":24,"column":28}},"loc":{"start":{"line":24,"column":46},"end":{"line":27,"column":null}},"line":24},"2":{"name":"(anonymous_2)","decl":{"start":{"line":29,"column":35},"end":{"line":29,"column":47}},"loc":{"start":{"line":29,"column":47},"end":{"line":60,"column":null}},"line":29},"3":{"name":"(anonymous_3)","decl":{"start":{"line":47,"column":38},"end":{"line":47,"column":39}},"loc":{"start":{"line":47,"column":53},"end":{"line":52,"column":10}},"line":47},"4":{"name":"(anonymous_4)","decl":{"start":{"line":62,"column":32},"end":{"line":62,"column":33}},"loc":{"start":{"line":62,"column":51},"end":{"line":64,"column":null}},"line":62},"5":{"name":"(anonymous_5)","decl":{"start":{"line":63,"column":18},"end":{"line":63,"column":19}},"loc":{"start":{"line":63,"column":28},"end":{"line":63,"column":101}},"line":63},"6":{"name":"(anonymous_6)","decl":{"start":{"line":63,"column":37},"end":{"line":63,"column":38}},"loc":{"start":{"line":63,"column":51},"end":{"line":63,"column":100}},"line":63},"7":{"name":"(anonymous_7)","decl":{"start":{"line":66,"column":32},"end":{"line":66,"column":33}},"loc":{"start":{"line":66,"column":51},"end":{"line":68,"column":null}},"line":66},"8":{"name":"(anonymous_8)","decl":{"start":{"line":67,"column":18},"end":{"line":67,"column":19}},"loc":{"start":{"line":67,"column":28},"end":{"line":67,"column":102}},"line":67},"9":{"name":"(anonymous_9)","decl":{"start":{"line":67,"column":37},"end":{"line":67,"column":38}},"loc":{"start":{"line":67,"column":51},"end":{"line":67,"column":101}},"line":67},"10":{"name":"(anonymous_10)","decl":{"start":{"line":70,"column":30},"end":{"line":70,"column":31}},"loc":{"start":{"line":70,"column":78},"end":{"line":74,"column":null}},"line":70},"11":{"name":"(anonymous_11)","decl":{"start":{"line":71,"column":18},"end":{"line":71,"column":19}},"loc":{"start":{"line":72,"column":6},"end":{"line":72,"column":null}},"line":72},"12":{"name":"(anonymous_12)","decl":{"start":{"line":72,"column":15},"end":{"line":72,"column":16}},"loc":{"start":{"line":72,"column":29},"end":{"line":72,"column":119}},"line":72},"13":{"name":"(anonymous_13)","decl":{"start":{"line":76,"column":28},"end":{"line":76,"column":34}},"loc":{"start":{"line":76,"column":34},"end":{"line":81,"column":null}},"line":76}},"branchMap":{"0":{"loc":{"start":{"line":40,"column":6},"end":{"line":42,"column":null}},"type":"if","locations":[{"start":{"line":40,"column":6},"end":{"line":42,"column":null}},{"start":{},"end":{}}],"line":40},"1":{"loc":{"start":{"line":56,"column":22},"end":{"line":56,"column":93}},"type":"cond-expr","locations":[{"start":{"line":56,"column":47},"end":{"line":56,"column":63}},{"start":{"line":56,"column":63},"end":{"line":56,"column":93}}],"line":56},"2":{"loc":{"start":{"line":63,"column":51},"end":{"line":63,"column":100}},"type":"cond-expr","locations":[{"start":{"line":63,"column":65},"end":{"line":63,"column":95}},{"start":{"line":63,"column":95},"end":{"line":63,"column":100}}],"line":63},"3":{"loc":{"start":{"line":67,"column":51},"end":{"line":67,"column":101}},"type":"cond-expr","locations":[{"start":{"line":67,"column":65},"end":{"line":67,"column":96}},{"start":{"line":67,"column":96},"end":{"line":67,"column":101}}],"line":67},"4":{"loc":{"start":{"line":72,"column":29},"end":{"line":72,"column":119}},"type":"cond-expr","locations":[{"start":{"line":72,"column":43},"end":{"line":72,"column":114}},{"start":{"line":72,"column":114},"end":{"line":72,"column":119}}],"line":72},"5":{"loc":{"start":{"line":85,"column":7},"end":{"line":85,"column":null}},"type":"binary-expr","locations":[{"start":{"line":85,"column":7},"end":{"line":85,"column":23}},{"start":{"line":85,"column":23},"end":{"line":85,"column":null}}],"line":85},"6":{"loc":{"start":{"line":91,"column":18},"end":{"line":91,"column":null}},"type":"binary-expr","locations":[{"start":{"line":91,"column":18},"end":{"line":91,"column":31}},{"start":{"line":91,"column":31},"end":{"line":91,"column":58}},{"start":{"line":91,"column":58},"end":{"line":91,"column":null}}],"line":91},"7":{"loc":{"start":{"line":95,"column":7},"end":{"line":95,"column":null}},"type":"binary-expr","locations":[{"start":{"line":95,"column":7},"end":{"line":95,"column":20}},{"start":{"line":95,"column":20},"end":{"line":95,"column":null}}],"line":95},"8":{"loc":{"start":{"line":97,"column":7},"end":{"line":113,"column":null}},"type":"binary-expr","locations":[{"start":{"line":97,"column":7},"end":{"line":97,"column":null}},{"start":{"line":98,"column":8},"end":{"line":113,"column":null}}],"line":97},"9":{"loc":{"start":{"line":99,"column":11},"end":{"line":105,"column":null}},"type":"binary-expr","locations":[{"start":{"line":99,"column":11},"end":{"line":99,"column":36}},{"start":{"line":99,"column":36},"end":{"line":99,"column":null}},{"start":{"line":100,"column":12},"end":{"line":105,"column":null}}],"line":99}},"s":{"0":29,"1":29,"2":29,"3":29,"4":29,"5":29,"6":29,"7":9,"8":9,"9":29,"10":5,"11":5,"12":5,"13":5,"14":5,"15":1,"16":4,"17":4,"18":4,"19":8,"20":4,"21":1,"22":5,"23":29,"24":1,"25":1,"26":2,"27":29,"28":1,"29":1,"30":2,"31":29,"32":0,"33":0,"34":0,"35":29,"36":0,"37":0,"38":0,"39":0,"40":29},"f":{"0":29,"1":9,"2":5,"3":8,"4":1,"5":1,"6":2,"7":1,"8":1,"9":2,"10":0,"11":0,"12":0,"13":0},"b":{"0":[1,4],"1":[1,0],"2":[1,1],"3":[1,1],"4":[0,0],"5":[29,1],"6":[29,24,16],"7":[29,5],"8":[29,6],"9":[6,6,6]},"meta":{"lastBranch":10,"lastFunction":14,"lastStatement":41,"seen":{"f:16:16:16:42":0,"s:17:32:17:Infinity":0,"s:18:32:18:Infinity":1,"s:19:38:19:Infinity":2,"s:20:38:20:Infinity":3,"s:21:34:21:Infinity":4,"s:22:38:22:Infinity":5,"s:24:27:27:Infinity":6,"f:24:27:24:28":1,"s:25:4:25:Infinity":7,"s:26:4:26:Infinity":8,"s:29:35:60:Infinity":9,"f:29:35:29:47":2,"s:30:4:59:Infinity":10,"s:31:6:31:Infinity":11,"s:32:6:32:Infinity":12,"s:34:23:38:Infinity":13,"b:40:6:42:Infinity:undefined:undefined:undefined:undefined":0,"s:40:6:42:Infinity":14,"s:41:8:41:Infinity":15,"s:44:48:44:Infinity":16,"s:45:6:45:Infinity":17,"s:46:6:53:Infinity":18,"f:47:38:47:39":3,"s:47:53:52:10":19,"s:54:6:54:Infinity":20,"s:56:6:56:Infinity":21,"b:56:47:56:63:56:63:56:93":1,"s:58:6:58:Infinity":22,"s:62:32:64:Infinity":23,"f:62:32:62:33":4,"s:63:4:63:Infinity":24,"f:63:18:63:19":5,"s:63:28:63:101":25,"f:63:37:63:38":6,"s:63:51:63:100":26,"b:63:65:63:95:63:95:63:100":2,"s:66:32:68:Infinity":27,"f:66:32:66:33":7,"s:67:4:67:Infinity":28,"f:67:18:67:19":8,"s:67:28:67:102":29,"f:67:37:67:38":9,"s:67:51:67:101":30,"b:67:65:67:96:67:96:67:101":3,"s:70:30:74:Infinity":31,"f:70:30:70:31":10,"s:71:4:73:Infinity":32,"f:71:18:71:19":11,"s:72:6:72:Infinity":33,"f:72:15:72:16":12,"s:72:29:72:119":34,"b:72:43:72:114:72:114:72:119":4,"s:76:28:81:Infinity":35,"f:76:28:76:34":13,"s:77:4:77:Infinity":36,"s:78:4:78:Infinity":37,"s:79:4:79:Infinity":38,"s:80:4:80:Infinity":39,"s:83:2:115:Infinity":40,"b:85:7:85:23:85:23:85:Infinity":5,"b:91:18:91:31:91:31:91:58:91:58:91:Infinity":6,"b:95:7:95:20:95:20:95:Infinity":7,"b:97:7:97:Infinity:98:8:113:Infinity":8,"b:99:11:99:36:99:36:99:Infinity:100:12:105:Infinity":9}}}
,"/Users/agnieszkapyszka/Documents/flashcards-project/src/components/FlashcardList.tsx": {"path":"/Users/agnieszkapyszka/Documents/flashcards-project/src/components/FlashcardList.tsx","statementMap":{"0":{"start":{"line":13,"column":2},"end":{"line":28,"column":null}},"1":{"start":{"line":19,"column":8},"end":{"line":26,"column":null}},"2":{"start":{"line":22,"column":26},"end":{"line":22,"column":null}},"3":{"start":{"line":23,"column":26},"end":{"line":23,"column":null}},"4":{"start":{"line":24,"column":35},"end":{"line":24,"column":null}}},"fnMap":{"0":{"name":"FlashcardList","decl":{"start":{"line":12,"column":16},"end":{"line":12,"column":30}},"loc":{"start":{"line":12,"column":94},"end":{"line":30,"column":null}},"line":12},"1":{"name":"(anonymous_1)","decl":{"start":{"line":18,"column":22},"end":{"line":18,"column":23}},"loc":{"start":{"line":19,"column":8},"end":{"line":26,"column":null}},"line":19},"2":{"name":"(anonymous_2)","decl":{"start":{"line":22,"column":20},"end":{"line":22,"column":26}},"loc":{"start":{"line":22,"column":26},"end":{"line":22,"column":null}},"line":22},"3":{"name":"(anonymous_3)","decl":{"start":{"line":23,"column":20},"end":{"line":23,"column":26}},"loc":{"start":{"line":23,"column":26},"end":{"line":23,"column":null}},"line":23},"4":{"name":"(anonymous_4)","decl":{"start":{"line":24,"column":18},"end":{"line":24,"column":19}},"loc":{"start":{"line":24,"column":35},"end":{"line":24,"column":null}},"line":24}},"branchMap":{},"s":{"0":11,"1":20,"2":3,"3":2,"4":1},"f":{"0":11,"1":20,"2":3,"3":2,"4":1},"b":{},"meta":{"lastBranch":0,"lastFunction":5,"lastStatement":5,"seen":{"f:12:16:12:30":0,"s:13:2:28:Infinity":0,"f:18:22:18:23":1,"s:19:8:26:Infinity":1,"f:22:20:22:26":2,"s:22:26:22:Infinity":2,"f:23:20:23:26":3,"s:23:26:23:Infinity":3,"f:24:18:24:19":4,"s:24:35:24:Infinity":4}}}
,"/Users/agnieszkapyszka/Documents/flashcards-project/src/components/FlashcardListItem.tsx": {"path":"/Users/agnieszkapyszka/Documents/flashcards-project/src/components/FlashcardListItem.tsx","statementMap":{"0":{"start":{"line":23,"column":32},"end":{"line":23,"column":null}},"1":{"start":{"line":24,"column":36},"end":{"line":24,"column":null}},"2":{"start":{"line":25,"column":34},"end":{"line":25,"column":null}},"3":{"start":{"line":27,"column":21},"end":{"line":32,"column":null}},"4":{"start":{"line":28,"column":4},"end":{"line":31,"column":null}},"5":{"start":{"line":29,"column":6},"end":{"line":29,"column":null}},"6":{"start":{"line":30,"column":6},"end":{"line":30,"column":null}},"7":{"start":{"line":34,"column":2},"end":{"line":115,"column":null}},"8":{"start":{"line":50,"column":35},"end":{"line":50,"column":null}},"9":{"start":{"line":60,"column":35},"end":{"line":60,"column":null}},"10":{"start":{"line":101,"column":31},"end":{"line":101,"column":null}}},"fnMap":{"0":{"name":"FlashcardListItem","decl":{"start":{"line":16,"column":16},"end":{"line":16,"column":34}},"loc":{"start":{"line":22,"column":27},"end":{"line":117,"column":null}},"line":22},"1":{"name":"(anonymous_1)","decl":{"start":{"line":27,"column":21},"end":{"line":27,"column":27}},"loc":{"start":{"line":27,"column":27},"end":{"line":32,"column":null}},"line":27},"2":{"name":"(anonymous_2)","decl":{"start":{"line":50,"column":28},"end":{"line":50,"column":29}},"loc":{"start":{"line":50,"column":35},"end":{"line":50,"column":null}},"line":50},"3":{"name":"(anonymous_3)","decl":{"start":{"line":60,"column":28},"end":{"line":60,"column":29}},"loc":{"start":{"line":60,"column":35},"end":{"line":60,"column":null}},"line":60},"4":{"name":"(anonymous_4)","decl":{"start":{"line":101,"column":25},"end":{"line":101,"column":31}},"loc":{"start":{"line":101,"column":31},"end":{"line":101,"column":null}},"line":101}},"branchMap":{"0":{"loc":{"start":{"line":28,"column":4},"end":{"line":31,"column":null}},"type":"if","locations":[{"start":{"line":28,"column":4},"end":{"line":31,"column":null}},{"start":{},"end":{}}],"line":28},"1":{"loc":{"start":{"line":28,"column":8},"end":{"line":28,"column":63}},"type":"binary-expr","locations":[{"start":{"line":28,"column":8},"end":{"line":28,"column":37}},{"start":{"line":28,"column":37},"end":{"line":28,"column":63}}],"line":28},"2":{"loc":{"start":{"line":39,"column":8},"end":{"line":39,"column":null}},"type":"cond-expr","locations":[{"start":{"line":39,"column":29},"end":{"line":39,"column":65}},{"start":{"line":39,"column":65},"end":{"line":39,"column":null}}],"line":39},"3":{"loc":{"start":{"line":40,"column":8},"end":{"line":40,"column":null}},"type":"binary-expr","locations":[{"start":{"line":40,"column":8},"end":{"line":40,"column":31}},{"start":{"line":40,"column":31},"end":{"line":40,"column":null}}],"line":40},"4":{"loc":{"start":{"line":45,"column":11},"end":{"line":72,"column":null}},"type":"cond-expr","locations":[{"start":{"line":46,"column":12},"end":{"line":67,"column":null}},{"start":{"line":69,"column":12},"end":{"line":72,"column":null}}],"line":45},"5":{"loc":{"start":{"line":77,"column":11},"end":{"line":109,"column":null}},"type":"cond-expr","locations":[{"start":{"line":78,"column":12},"end":{"line":87,"column":null}},{"start":{"line":89,"column":12},"end":{"line":109,"column":null}}],"line":77},"6":{"loc":{"start":{"line":82,"column":16},"end":{"line":82,"column":null}},"type":"binary-expr","locations":[{"start":{"line":82,"column":16},"end":{"line":82,"column":44}},{"start":{"line":82,"column":44},"end":{"line":82,"column":71}},{"start":{"line":82,"column":71},"end":{"line":82,"column":94}},{"start":{"line":82,"column":94},"end":{"line":82,"column":null}}],"line":82},"7":{"loc":{"start":{"line":92,"column":25},"end":{"line":92,"column":null}},"type":"cond-expr","locations":[{"start":{"line":92,"column":46},"end":{"line":92,"column":58}},{"start":{"line":92,"column":58},"end":{"line":92,"column":null}}],"line":92},"8":{"loc":{"start":{"line":114,"column":7},"end":{"line":114,"column":null}},"type":"binary-expr","locations":[{"start":{"line":114,"column":7},"end":{"line":114,"column":27}},{"start":{"line":114,"column":27},"end":{"line":114,"column":null}}],"line":114}},"s":{"0":63,"1":63,"2":63,"3":63,"4":1,"5":1,"6":1,"7":63,"8":19,"9":16,"10":5},"f":{"0":63,"1":1,"2":19,"3":16,"4":5},"b":{"0":[1,0],"1":[1,1],"2":[2,61],"3":[63,61],"4":[40,23],"5":[40,23],"6":[40,39,38,36],"7":[2,21],"8":[63,1]},"meta":{"lastBranch":9,"lastFunction":5,"lastStatement":11,"seen":{"f:16:16:16:34":0,"s:23:32:23:Infinity":0,"s:24:36:24:Infinity":1,"s:25:34:25:Infinity":2,"s:27:21:32:Infinity":3,"f:27:21:27:27":1,"b:28:4:31:Infinity:undefined:undefined:undefined:undefined":0,"s:28:4:31:Infinity":4,"b:28:8:28:37:28:37:28:63":1,"s:29:6:29:Infinity":5,"s:30:6:30:Infinity":6,"s:34:2:115:Infinity":7,"b:39:29:39:65:39:65:39:Infinity":2,"b:40:8:40:31:40:31:40:Infinity":3,"b:46:12:67:Infinity:69:12:72:Infinity":4,"f:50:28:50:29":2,"s:50:35:50:Infinity":8,"f:60:28:60:29":3,"s:60:35:60:Infinity":9,"b:78:12:87:Infinity:89:12:109:Infinity":5,"b:82:16:82:44:82:44:82:71:82:71:82:94:82:94:82:Infinity":6,"b:92:46:92:58:92:58:92:Infinity":7,"f:101:25:101:31":4,"s:101:31:101:Infinity":10,"b:114:7:114:27:114:27:114:Infinity":8}}}
,"/Users/agnieszkapyszka/Documents/flashcards-project/src/components/GenerateButton.tsx": {"path":"/Users/agnieszkapyszka/Documents/flashcards-project/src/components/GenerateButton.tsx","statementMap":{"0":{"start":{"line":11,"column":2},"end":{"line":21,"column":null}}},"fnMap":{"0":{"name":"GenerateButton","decl":{"start":{"line":10,"column":16},"end":{"line":10,"column":31}},"loc":{"start":{"line":10,"column":86},"end":{"line":23,"column":null}},"line":10}},"branchMap":{"0":{"loc":{"start":{"line":19,"column":7},"end":{"line":19,"column":null}},"type":"binary-expr","locations":[{"start":{"line":19,"column":7},"end":{"line":19,"column":20}},{"start":{"line":19,"column":20},"end":{"line":19,"column":null}}],"line":19},"1":{"loc":{"start":{"line":20,"column":7},"end":{"line":20,"column":null}},"type":"cond-expr","locations":[{"start":{"line":20,"column":19},"end":{"line":20,"column":37}},{"start":{"line":20,"column":37},"end":{"line":20,"column":null}}],"line":20}},"s":{"0":29},"f":{"0":29},"b":{"0":[29,5],"1":[5,24]},"meta":{"lastBranch":2,"lastFunction":1,"lastStatement":1,"seen":{"f:10:16:10:31":0,"s:11:2:21:Infinity":0,"b:19:7:19:20:19:20:19:Infinity":0,"b:20:19:20:37:20:37:20:Infinity":1}}}
,"/Users/agnieszkapyszka/Documents/flashcards-project/src/components/LoginForm.tsx": {"path":"/Users/agnieszkapyszka/Documents/flashcards-project/src/components/LoginForm.tsx","statementMap":{"0":{"start":{"line":10,"column":24},"end":{"line":10,"column":null}},"1":{"start":{"line":11,"column":30},"end":{"line":11,"column":null}},"2":{"start":{"line":12,"column":32},"end":{"line":12,"column":null}},"3":{"start":{"line":13,"column":38},"end":{"line":13,"column":null}},"4":{"start":{"line":14,"column":36},"end":{"line":17,"column":null}},"5":{"start":{"line":19,"column":24},"end":{"line":28,"column":null}},"6":{"start":{"line":20,"column":4},"end":{"line":22,"column":null}},"7":{"start":{"line":21,"column":6},"end":{"line":21,"column":null}},"8":{"start":{"line":23,"column":23},"end":{"line":23,"column":null}},"9":{"start":{"line":24,"column":4},"end":{"line":26,"column":null}},"10":{"start":{"line":25,"column":6},"end":{"line":25,"column":null}},"11":{"start":{"line":27,"column":4},"end":{"line":27,"column":null}},"12":{"start":{"line":30,"column":27},"end":{"line":35,"column":null}},"13":{"start":{"line":31,"column":4},"end":{"line":33,"column":null}},"14":{"start":{"line":32,"column":6},"end":{"line":32,"column":null}},"15":{"start":{"line":34,"column":4},"end":{"line":34,"column":null}},"16":{"start":{"line":37,"column":28},"end":{"line":44,"column":null}},"17":{"start":{"line":38,"column":4},"end":{"line":38,"column":null}},"18":{"start":{"line":39,"column":4},"end":{"line":39,"column":null}},"19":{"start":{"line":40,"column":4},"end":{"line":43,"column":null}},"20":{"start":{"line":41,"column":20},"end":{"line":41,"column":null}},"21":{"start":{"line":42,"column":6},"end":{"line":42,"column":null}},"22":{"start":{"line":42,"column":32},"end":{"line":42,"column":58}},"23":{"start":{"line":46,"column":31},"end":{"line":53,"column":null}},"24":{"start":{"line":47,"column":4},"end":{"line":47,"column":null}},"25":{"start":{"line":48,"column":4},"end":{"line":48,"column":null}},"26":{"start":{"line":49,"column":4},"end":{"line":52,"column":null}},"27":{"start":{"line":50,"column":20},"end":{"line":50,"column":null}},"28":{"start":{"line":51,"column":6},"end":{"line":51,"column":null}},"29":{"start":{"line":51,"column":32},"end":{"line":51,"column":61}},"30":{"start":{"line":55,"column":23},"end":{"line":93,"column":null}},"31":{"start":{"line":56,"column":4},"end":{"line":56,"column":null}},"32":{"start":{"line":57,"column":4},"end":{"line":57,"column":null}},"33":{"start":{"line":59,"column":23},"end":{"line":59,"column":null}},"34":{"start":{"line":60,"column":26},"end":{"line":60,"column":null}},"35":{"start":{"line":62,"column":19},"end":{"line":65,"column":null}},"36":{"start":{"line":67,"column":4},"end":{"line":67,"column":null}},"37":{"start":{"line":69,"column":4},"end":{"line":71,"column":null}},"38":{"start":{"line":70,"column":6},"end":{"line":70,"column":null}},"39":{"start":{"line":73,"column":4},"end":{"line":92,"column":null}},"40":{"start":{"line":74,"column":6},"end":{"line":74,"column":null}},"41":{"start":{"line":76,"column":23},"end":{"line":80,"column":null}},"42":{"start":{"line":82,"column":6},"end":{"line":85,"column":null}},"43":{"start":{"line":83,"column":26},"end":{"line":83,"column":null}},"44":{"start":{"line":83,"column":61},"end":{"line":83,"column":64}},"45":{"start":{"line":84,"column":8},"end":{"line":84,"column":null}},"46":{"start":{"line":87,"column":6},"end":{"line":87,"column":null}},"47":{"start":{"line":89,"column":6},"end":{"line":89,"column":null}},"48":{"start":{"line":91,"column":6},"end":{"line":91,"column":null}},"49":{"start":{"line":95,"column":2},"end":{"line":135,"column":null}},"50":{"start":{"line":105,"column":27},"end":{"line":105,"column":null}},"51":{"start":{"line":121,"column":27},"end":{"line":121,"column":null}}},"fnMap":{"0":{"name":"LoginForm","decl":{"start":{"line":9,"column":16},"end":{"line":9,"column":28}},"loc":{"start":{"line":9,"column":28},"end":{"line":137,"column":null}},"line":9},"1":{"name":"(anonymous_1)","decl":{"start":{"line":19,"column":24},"end":{"line":19,"column":25}},"loc":{"start":{"line":19,"column":63},"end":{"line":28,"column":null}},"line":19},"2":{"name":"(anonymous_2)","decl":{"start":{"line":30,"column":27},"end":{"line":30,"column":28}},"loc":{"start":{"line":30,"column":66},"end":{"line":35,"column":null}},"line":30},"3":{"name":"(anonymous_3)","decl":{"start":{"line":37,"column":28},"end":{"line":37,"column":29}},"loc":{"start":{"line":37,"column":47},"end":{"line":44,"column":null}},"line":37},"4":{"name":"(anonymous_4)","decl":{"start":{"line":42,"column":21},"end":{"line":42,"column":22}},"loc":{"start":{"line":42,"column":32},"end":{"line":42,"column":58}},"line":42},"5":{"name":"(anonymous_5)","decl":{"start":{"line":46,"column":31},"end":{"line":46,"column":32}},"loc":{"start":{"line":46,"column":50},"end":{"line":53,"column":null}},"line":46},"6":{"name":"(anonymous_6)","decl":{"start":{"line":51,"column":21},"end":{"line":51,"column":22}},"loc":{"start":{"line":51,"column":32},"end":{"line":51,"column":61}},"line":51},"7":{"name":"(anonymous_7)","decl":{"start":{"line":55,"column":23},"end":{"line":55,"column":30}},"loc":{"start":{"line":55,"column":53},"end":{"line":93,"column":null}},"line":55},"8":{"name":"(anonymous_8)","decl":{"start":{"line":83,"column":54},"end":{"line":83,"column":61}},"loc":{"start":{"line":83,"column":61},"end":{"line":83,"column":64}},"line":83},"9":{"name":"(anonymous_9)","decl":{"start":{"line":105,"column":20},"end":{"line":105,"column":21}},"loc":{"start":{"line":105,"column":27},"end":{"line":105,"column":null}},"line":105},"10":{"name":"(anonymous_10)","decl":{"start":{"line":121,"column":20},"end":{"line":121,"column":21}},"loc":{"start":{"line":121,"column":27},"end":{"line":121,"column":null}},"line":121}},"branchMap":{"0":{"loc":{"start":{"line":20,"column":4},"end":{"line":22,"column":null}},"type":"if","locations":[{"start":{"line":20,"column":4},"end":{"line":22,"column":null}},{"start":{},"end":{}}],"line":20},"1":{"loc":{"start":{"line":24,"column":4},"end":{"line":26,"column":null}},"type":"if","locations":[{"start":{"line":24,"column":4},"end":{"line":26,"column":null}},{"start":{},"end":{}}],"line":24},"2":{"loc":{"start":{"line":31,"column":4},"end":{"line":33,"column":null}},"type":"if","locations":[{"start":{"line":31,"column":4},"end":{"line":33,"column":null}},{"start":{},"end":{}}],"line":31},"3":{"loc":{"start":{"line":40,"column":4},"end":{"line":43,"column":null}},"type":"if","locations":[{"start":{"line":40,"column":4},"end":{"line":43,"column":null}},{"start":{},"end":{}}],"line":40},"4":{"loc":{"start":{"line":49,"column":4},"end":{"line":52,"column":null}},"type":"if","locations":[{"start":{"line":49,"column":4},"end":{"line":52,"column":null}},{"start":{},"end":{}}],"line":49},"5":{"loc":{"start":{"line":69,"column":4},"end":{"line":71,"column":null}},"type":"if","locations":[{"start":{"line":69,"column":4},"end":{"line":71,"column":null}},{"start":{},"end":{}}],"line":69},"6":{"loc":{"start":{"line":69,"column":8},"end":{"line":69,"column":37}},"type":"binary-expr","locations":[{"start":{"line":69,"column":8},"end":{"line":69,"column":22}},{"start":{"line":69,"column":22},"end":{"line":69,"column":37}}],"line":69},"7":{"loc":{"start":{"line":82,"column":6},"end":{"line":85,"column":null}},"type":"if","locations":[{"start":{"line":82,"column":6},"end":{"line":85,"column":null}},{"start":{},"end":{}}],"line":82},"8":{"loc":{"start":{"line":84,"column":24},"end":{"line":84,"column":91}},"type":"binary-expr","locations":[{"start":{"line":84,"column":24},"end":{"line":84,"column":45}},{"start":{"line":84,"column":45},"end":{"line":84,"column":91}}],"line":84},"9":{"loc":{"start":{"line":89,"column":22},"end":{"line":89,"column":93}},"type":"cond-expr","locations":[{"start":{"line":89,"column":47},"end":{"line":89,"column":63}},{"start":{"line":89,"column":63},"end":{"line":89,"column":93}}],"line":89},"10":{"loc":{"start":{"line":97,"column":7},"end":{"line":97,"column":null}},"type":"binary-expr","locations":[{"start":{"line":97,"column":7},"end":{"line":97,"column":23}},{"start":{"line":97,"column":23},"end":{"line":97,"column":null}}],"line":97},"11":{"loc":{"start":{"line":109,"column":24},"end":{"line":109,"column":88}},"type":"binary-expr","locations":[{"start":{"line":109,"column":24},"end":{"line":109,"column":45}},{"start":{"line":109,"column":45},"end":{"line":109,"column":88}}],"line":109},"12":{"loc":{"start":{"line":112,"column":9},"end":{"line":112,"column":null}},"type":"binary-expr","locations":[{"start":{"line":112,"column":9},"end":{"line":112,"column":30}},{"start":{"line":112,"column":30},"end":{"line":112,"column":null}}],"line":112},"13":{"loc":{"start":{"line":125,"column":24},"end":{"line":125,"column":91}},"type":"binary-expr","locations":[{"start":{"line":125,"column":24},"end":{"line":125,"column":48}},{"start":{"line":125,"column":48},"end":{"line":125,"column":91}}],"line":125},"14":{"loc":{"start":{"line":128,"column":9},"end":{"line":128,"column":null}},"type":"binary-expr","locations":[{"start":{"line":128,"column":9},"end":{"line":128,"column":33}},{"start":{"line":128,"column":33},"end":{"line":128,"column":null}}],"line":128},"15":{"loc":{"start":{"line":132,"column":9},"end":{"line":132,"column":null}},"type":"binary-expr","locations":[{"start":{"line":132,"column":9},"end":{"line":132,"column":22}},{"start":{"line":132,"column":22},"end":{"line":132,"column":null}}],"line":132},"16":{"loc":{"start":{"line":133,"column":9},"end":{"line":133,"column":null}},"type":"cond-expr","locations":[{"start":{"line":133,"column":21},"end":{"line":133,"column":39}},{"start":{"line":133,"column":39},"end":{"line":133,"column":null}}],"line":133}},"s":{"0":76,"1":76,"2":76,"3":76,"4":76,"5":76,"6":4,"7":1,"8":3,"9":3,"10":1,"11":2,"12":76,"13":4,"14":2,"15":2,"16":76,"17":48,"18":48,"19":48,"20":0,"21":0,"22":0,"23":76,"24":17,"25":17,"26":17,"27":0,"28":0,"29":0,"30":76,"31":4,"32":4,"33":4,"34":4,"35":4,"36":4,"37":4,"38":2,"39":2,"40":2,"41":2,"42":2,"43":1,"44":0,"45":1,"46":1,"47":1,"48":2,"49":76,"50":48,"51":17},"f":{"0":76,"1":4,"2":4,"3":48,"4":0,"5":17,"6":0,"7":4,"8":0,"9":48,"10":17},"b":{"0":[1,3],"1":[1,2],"2":[2,2],"3":[0,48],"4":[0,17],"5":[2,2],"6":[4,2],"7":[1,1],"8":[1,0],"9":[1,0],"10":[76,1],"11":[76,2],"12":[76,2],"13":[76,2],"14":[76,2],"15":[76,2],"16":[2,74]},"meta":{"lastBranch":17,"lastFunction":11,"lastStatement":52,"seen":{"f:9:16:9:28":0,"s:10:24:10:Infinity":0,"s:11:30:11:Infinity":1,"s:12:32:12:Infinity":2,"s:13:38:13:Infinity":3,"s:14:36:17:Infinity":4,"s:19:24:28:Infinity":5,"f:19:24:19:25":1,"b:20:4:22:Infinity:undefined:undefined:undefined:undefined":0,"s:20:4:22:Infinity":6,"s:21:6:21:Infinity":7,"s:23:23:23:Infinity":8,"b:24:4:26:Infinity:undefined:undefined:undefined:undefined":1,"s:24:4:26:Infinity":9,"s:25:6:25:Infinity":10,"s:27:4:27:Infinity":11,"s:30:27:35:Infinity":12,"f:30:27:30:28":2,"b:31:4:33:Infinity:undefined:undefined:undefined:undefined":2,"s:31:4:33:Infinity":13,"s:32:6:32:Infinity":14,"s:34:4:34:Infinity":15,"s:37:28:44:Infinity":16,"f:37:28:37:29":3,"s:38:4:38:Infinity":17,"s:39:4:39:Infinity":18,"b:40:4:43:Infinity:undefined:undefined:undefined:undefined":3,"s:40:4:43:Infinity":19,"s:41:20:41:Infinity":20,"s:42:6:42:Infinity":21,"f:42:21:42:22":4,"s:42:32:42:58":22,"s:46:31:53:Infinity":23,"f:46:31:46:32":5,"s:47:4:47:Infinity":24,"s:48:4:48:Infinity":25,"b:49:4:52:Infinity:undefined:undefined:undefined:undefined":4,"s:49:4:52:Infinity":26,"s:50:20:50:Infinity":27,"s:51:6:51:Infinity":28,"f:51:21:51:22":6,"s:51:32:51:61":29,"s:55:23:93:Infinity":30,"f:55:23:55:30":7,"s:56:4:56:Infinity":31,"s:57:4:57:Infinity":32,"s:59:23:59:Infinity":33,"s:60:26:60:Infinity":34,"s:62:19:65:Infinity":35,"s:67:4:67:Infinity":36,"b:69:4:71:Infinity:undefined:undefined:undefined:undefined":5,"s:69:4:71:Infinity":37,"b:69:8:69:22:69:22:69:37":6,"s:70:6:70:Infinity":38,"s:73:4:92:Infinity":39,"s:74:6:74:Infinity":40,"s:76:23:80:Infinity":41,"b:82:6:85:Infinity:undefined:undefined:undefined:undefined":7,"s:82:6:85:Infinity":42,"s:83:26:83:Infinity":43,"f:83:54:83:61":8,"s:83:61:83:64":44,"s:84:8:84:Infinity":45,"b:84:24:84:45:84:45:84:91":8,"s:87:6:87:Infinity":46,"s:89:6:89:Infinity":47,"b:89:47:89:63:89:63:89:93":9,"s:91:6:91:Infinity":48,"s:95:2:135:Infinity":49,"b:97:7:97:23:97:23:97:Infinity":10,"f:105:20:105:21":9,"s:105:27:105:Infinity":50,"b:109:24:109:45:109:45:109:88":11,"b:112:9:112:30:112:30:112:Infinity":12,"f:121:20:121:21":10,"s:121:27:121:Infinity":51,"b:125:24:125:48:125:48:125:91":13,"b:128:9:128:33:128:33:128:Infinity":14,"b:132:9:132:22:132:22:132:Infinity":15,"b:133:21:133:39:133:39:133:Infinity":16}}}
,"/Users/agnieszkapyszka/Documents/flashcards-project/src/components/RatingButtons.tsx": {"path":"/Users/agnieszkapyszka/Documents/flashcards-project/src/components/RatingButtons.tsx","statementMap":{"0":{"start":{"line":10,"column":2},"end":{"line":34,"column":null}},"1":{"start":{"line":16,"column":23},"end":{"line":16,"column":null}},"2":{"start":{"line":27,"column":23},"end":{"line":27,"column":null}}},"fnMap":{"0":{"name":"RatingButtons","decl":{"start":{"line":9,"column":16},"end":{"line":9,"column":30}},"loc":{"start":{"line":9,"column":72},"end":{"line":36,"column":null}},"line":9},"1":{"name":"(anonymous_1)","decl":{"start":{"line":16,"column":17},"end":{"line":16,"column":23}},"loc":{"start":{"line":16,"column":23},"end":{"line":16,"column":null}},"line":16},"2":{"name":"(anonymous_2)","decl":{"start":{"line":27,"column":17},"end":{"line":27,"column":23}},"loc":{"start":{"line":27,"column":23},"end":{"line":27,"column":null}},"line":27}},"branchMap":{"0":{"loc":{"start":{"line":21,"column":9},"end":{"line":21,"column":null}},"type":"cond-expr","locations":[{"start":{"line":21,"column":20},"end":{"line":21,"column":39}},{"start":{"line":21,"column":39},"end":{"line":21,"column":null}}],"line":21},"1":{"loc":{"start":{"line":32,"column":9},"end":{"line":32,"column":null}},"type":"cond-expr","locations":[{"start":{"line":32,"column":20},"end":{"line":32,"column":39}},{"start":{"line":32,"column":39},"end":{"line":32,"column":null}}],"line":32}},"s":{"0":21,"1":2,"2":3},"f":{"0":21,"1":2,"2":3},"b":{"0":[3,18],"1":[3,18]},"meta":{"lastBranch":2,"lastFunction":3,"lastStatement":3,"seen":{"f:9:16:9:30":0,"s:10:2:34:Infinity":0,"f:16:17:16:23":1,"s:16:23:16:Infinity":1,"b:21:20:21:39:21:39:21:Infinity":0,"f:27:17:27:23":2,"s:27:23:27:Infinity":2,"b:32:20:32:39:32:39:32:Infinity":1}}}
,"/Users/agnieszkapyszka/Documents/flashcards-project/src/components/SessionComplete.tsx": {"path":"/Users/agnieszkapyszka/Documents/flashcards-project/src/components/SessionComplete.tsx","statementMap":{"0":{"start":{"line":10,"column":2},"end":{"line":44,"column":null}}},"fnMap":{"0":{"name":"SessionComplete","decl":{"start":{"line":9,"column":16},"end":{"line":9,"column":32}},"loc":{"start":{"line":9,"column":65},"end":{"line":46,"column":null}},"line":9}},"branchMap":{"0":{"loc":{"start":{"line":21,"column":7},"end":{"line":27,"column":null}},"type":"binary-expr","locations":[{"start":{"line":21,"column":7},"end":{"line":21,"column":null}},{"start":{"line":22,"column":8},"end":{"line":27,"column":null}}],"line":21}},"s":{"0":31},"f":{"0":31},"b":{"0":[31,9]},"meta":{"lastBranch":1,"lastFunction":1,"lastStatement":1,"seen":{"f:9:16:9:32":0,"s:10:2:44:Infinity":0,"b:21:7:21:Infinity:22:8:27:Infinity":0}}}
,"/Users/agnieszkapyszka/Documents/flashcards-project/src/components/SessionHeader.tsx": {"path":"/Users/agnieszkapyszka/Documents/flashcards-project/src/components/SessionHeader.tsx","statementMap":{"0":{"start":{"line":9,"column":2},"end":{"line":13,"column":null}}},"fnMap":{"0":{"name":"SessionHeader","decl":{"start":{"line":8,"column":16},"end":{"line":8,"column":30}},"loc":{"start":{"line":8,"column":61},"end":{"line":15,"column":null}},"line":8}},"branchMap":{"0":{"loc":{"start":{"line":12,"column":7},"end":{"line":12,"column":null}},"type":"binary-expr","locations":[{"start":{"line":12,"column":7},"end":{"line":12,"column":16}},{"start":{"line":12,"column":16},"end":{"line":12,"column":null}}],"line":12}},"s":{"0":23},"f":{"0":23},"b":{"0":[23,19]},"meta":{"lastBranch":1,"lastFunction":1,"lastStatement":1,"seen":{"f:8:16:8:30":0,"s:9:2:13:Infinity":0,"b:12:7:12:16:12:16:12:Infinity":0}}}
,"/Users/agnieszkapyszka/Documents/flashcards-project/src/components/SessionStats.tsx": {"path":"/Users/agnieszkapyszka/Documents/flashcards-project/src/components/SessionStats.tsx","statementMap":{"0":{"start":{"line":16,"column":2},"end":{"line":27,"column":null}},"1":{"start":{"line":32,"column":2},"end":{"line":47,"column":null}}},"fnMap":{"0":{"name":"StatItem","decl":{"start":{"line":15,"column":9},"end":{"line":15,"column":18}},"loc":{"start":{"line":15,"column":69},"end":{"line":29,"column":null}},"line":15},"1":{"name":"SessionStats","decl":{"start":{"line":31,"column":16},"end":{"line":31,"column":29}},"loc":{"start":{"line":31,"column":59},"end":{"line":49,"column":null}},"line":31}},"branchMap":{},"s":{"0":108,"1":36},"f":{"0":108,"1":36},"b":{},"meta":{"lastBranch":0,"lastFunction":2,"lastStatement":2,"seen":{"f:15:9:15:18":0,"s:16:2:27:Infinity":0,"f:31:16:31:29":1,"s:32:2:47:Infinity":1}}}
,"/Users/agnieszkapyszka/Documents/flashcards-project/src/components/SkeletonLoader.tsx": {"path":"/Users/agnieszkapyszka/Documents/flashcards-project/src/components/SkeletonLoader.tsx","statementMap":{"0":{"start":{"line":4,"column":2},"end":{"line":25,"column":null}},"1":{"start":{"line":7,"column":8},"end":{"line":23,"column":null}}},"fnMap":{"0":{"name":"SkeletonLoader","decl":{"start":{"line":3,"column":16},"end":{"line":3,"column":33}},"loc":{"start":{"line":3,"column":33},"end":{"line":27,"column":null}},"line":3},"1":{"name":"(anonymous_1)","decl":{"start":{"line":6,"column":37},"end":{"line":6,"column":38}},"loc":{"start":{"line":7,"column":8},"end":{"line":23,"column":null}},"line":7}},"branchMap":{},"s":{"0":5,"1":15},"f":{"0":5,"1":15},"b":{},"meta":{"lastBranch":0,"lastFunction":2,"lastStatement":2,"seen":{"f:3:16:3:33":0,"s:4:2:25:Infinity":0,"f:6:37:6:38":1,"s:7:8:23:Infinity":1}}}
,"/Users/agnieszkapyszka/Documents/flashcards-project/src/components/StudyCard.tsx": {"path":"/Users/agnieszkapyszka/Documents/flashcards-project/src/components/StudyCard.tsx","statementMap":{"0":{"start":{"line":11,"column":2},"end":{"line":30,"column":null}}},"fnMap":{"0":{"name":"StudyCard","decl":{"start":{"line":10,"column":16},"end":{"line":10,"column":26}},"loc":{"start":{"line":10,"column":79},"end":{"line":32,"column":null}},"line":10}},"branchMap":{"0":{"loc":{"start":{"line":15,"column":11},"end":{"line":15,"column":null}},"type":"cond-expr","locations":[{"start":{"line":15,"column":24},"end":{"line":15,"column":38}},{"start":{"line":15,"column":38},"end":{"line":15,"column":null}}],"line":15},"1":{"loc":{"start":{"line":20,"column":9},"end":{"line":20,"column":null}},"type":"cond-expr","locations":[{"start":{"line":20,"column":22},"end":{"line":20,"column":39}},{"start":{"line":20,"column":39},"end":{"line":20,"column":null}}],"line":20},"2":{"loc":{"start":{"line":23,"column":7},"end":{"line":28,"column":null}},"type":"binary-expr","locations":[{"start":{"line":23,"column":7},"end":{"line":23,"column":null}},{"start":{"line":24,"column":8},"end":{"line":28,"column":null}}],"line":23}},"s":{"0":22},"f":{"0":22},"b":{"0":[5,17],"1":[5,17],"2":[22,17]},"meta":{"lastBranch":3,"lastFunction":1,"lastStatement":1,"seen":{"f:10:16:10:26":0,"s:11:2:30:Infinity":0,"b:15:24:15:38:15:38:15:Infinity":0,"b:20:22:20:39:20:39:20:Infinity":1,"b:23:7:23:Infinity:24:8:28:Infinity":2}}}
,"/Users/agnieszkapyszka/Documents/flashcards-project/src/components/StudySessionContainer.tsx": {"path":"/Users/agnieszkapyszka/Documents/flashcards-project/src/components/StudySessionContainer.tsx","statementMap":{"0":{"start":{"line":16,"column":113},"end":{"line":17,"column":null}},"1":{"start":{"line":19,"column":2},"end":{"line":81,"column":null}}},"fnMap":{"0":{"name":"StudySessionContainer","decl":{"start":{"line":15,"column":24},"end":{"line":15,"column":48}},"loc":{"start":{"line":15,"column":48},"end":{"line":83,"column":null}},"line":15}},"branchMap":{"0":{"loc":{"start":{"line":22,"column":7},"end":{"line":30,"column":null}},"type":"binary-expr","locations":[{"start":{"line":22,"column":7},"end":{"line":22,"column":null}},{"start":{"line":23,"column":8},"end":{"line":30,"column":null}}],"line":22},"1":{"loc":{"start":{"line":34,"column":7},"end":{"line":41,"column":null}},"type":"binary-expr","locations":[{"start":{"line":34,"column":7},"end":{"line":34,"column":37}},{"start":{"line":34,"column":37},"end":{"line":34,"column":null}},{"start":{"line":35,"column":8},"end":{"line":41,"column":null}}],"line":34},"2":{"loc":{"start":{"line":40,"column":11},"end":{"line":40,"column":null}},"type":"binary-expr","locations":[{"start":{"line":40,"column":11},"end":{"line":40,"column":25}},{"start":{"line":40,"column":25},"end":{"line":40,"column":null}}],"line":40},"3":{"loc":{"start":{"line":45,"column":7},"end":{"line":48,"column":null}},"type":"binary-expr","locations":[{"start":{"line":45,"column":7},"end":{"line":45,"column":null}},{"start":{"line":46,"column":8},"end":{"line":48,"column":null}}],"line":45},"4":{"loc":{"start":{"line":52,"column":7},"end":{"line":55,"column":null}},"type":"binary-expr","locations":[{"start":{"line":52,"column":7},"end":{"line":52,"column":null}},{"start":{"line":53,"column":8},"end":{"line":55,"column":null}}],"line":52},"5":{"loc":{"start":{"line":54,"column":34},"end":{"line":54,"column":61}},"type":"binary-expr","locations":[{"start":{"line":54,"column":34},"end":{"line":54,"column":50}},{"start":{"line":54,"column":50},"end":{"line":54,"column":61}}],"line":54},"6":{"loc":{"start":{"line":59,"column":7},"end":{"line":79,"column":null}},"type":"binary-expr","locations":[{"start":{"line":59,"column":7},"end":{"line":59,"column":null}},{"start":{"line":60,"column":8},"end":{"line":79,"column":null}}],"line":59},"7":{"loc":{"start":{"line":72,"column":52},"end":{"line":72,"column":113}},"type":"binary-expr","locations":[{"start":{"line":72,"column":52},"end":{"line":72,"column":61}},{"start":{"line":72,"column":61},"end":{"line":72,"column":113}}],"line":72}},"s":{"0":25,"1":25},"f":{"0":25},"b":{"0":[25,6],"1":[25,10,9],"2":[9,2],"3":[25,2],"4":[25,3],"5":[3,0],"6":[25,4],"7":[4,1]},"meta":{"lastBranch":8,"lastFunction":1,"lastStatement":2,"seen":{"f:15:24:15:48":0,"s:16:113:17:Infinity":0,"s:19:2:81:Infinity":1,"b:22:7:22:Infinity:23:8:30:Infinity":0,"b:34:7:34:37:34:37:34:Infinity:35:8:41:Infinity":1,"b:40:11:40:25:40:25:40:Infinity":2,"b:45:7:45:Infinity:46:8:48:Infinity":3,"b:52:7:52:Infinity:53:8:55:Infinity":4,"b:54:34:54:50:54:50:54:61":5,"b:59:7:59:Infinity:60:8:79:Infinity":6,"b:72:52:72:61:72:61:72:113":7}}}
,"/Users/agnieszkapyszka/Documents/flashcards-project/src/components/TextInputArea.tsx": {"path":"/Users/agnieszkapyszka/Documents/flashcards-project/src/components/TextInputArea.tsx","statementMap":{"0":{"start":{"line":12,"column":20},"end":{"line":12,"column":null}},"1":{"start":{"line":13,"column":18},"end":{"line":13,"column":null}},"2":{"start":{"line":14,"column":20},"end":{"line":14,"column":null}},"3":{"start":{"line":16,"column":2},"end":{"line":38,"column":null}},"4":{"start":{"line":24,"column":25},"end":{"line":24,"column":null}}},"fnMap":{"0":{"name":"TextInputArea","decl":{"start":{"line":11,"column":16},"end":{"line":11,"column":30}},"loc":{"start":{"line":11,"column":81},"end":{"line":40,"column":null}},"line":11},"1":{"name":"(anonymous_1)","decl":{"start":{"line":24,"column":18},"end":{"line":24,"column":19}},"loc":{"start":{"line":24,"column":25},"end":{"line":24,"column":null}},"line":24}},"branchMap":{"0":{"loc":{"start":{"line":13,"column":18},"end":{"line":13,"column":null}},"type":"binary-expr","locations":[{"start":{"line":13,"column":18},"end":{"line":13,"column":39}},{"start":{"line":13,"column":39},"end":{"line":13,"column":null}}],"line":13},"1":{"loc":{"start":{"line":14,"column":20},"end":{"line":14,"column":null}},"type":"binary-expr","locations":[{"start":{"line":14,"column":20},"end":{"line":14,"column":37}},{"start":{"line":14,"column":37},"end":{"line":14,"column":null}}],"line":14},"2":{"loc":{"start":{"line":27,"column":62},"end":{"line":27,"column":118}},"type":"binary-expr","locations":[{"start":{"line":27,"column":62},"end":{"line":27,"column":75}},{"start":{"line":27,"column":75},"end":{"line":27,"column":118}}],"line":27},"3":{"loc":{"start":{"line":30,"column":36},"end":{"line":30,"column":88}},"type":"cond-expr","locations":[{"start":{"line":30,"column":48},"end":{"line":30,"column":65}},{"start":{"line":30,"column":65},"end":{"line":30,"column":88}}],"line":30},"4":{"loc":{"start":{"line":32,"column":9},"end":{"line":35,"column":null}},"type":"binary-expr","locations":[{"start":{"line":32,"column":9},"end":{"line":32,"column":null}},{"start":{"line":33,"column":10},"end":{"line":35,"column":null}}],"line":32},"5":{"loc":{"start":{"line":34,"column":13},"end":{"line":34,"column":null}},"type":"cond-expr","locations":[{"start":{"line":34,"column":32},"end":{"line":34,"column":71}},{"start":{"line":34,"column":71},"end":{"line":34,"column":null}}],"line":34}},"s":{"0":29,"1":29,"2":29,"3":29,"4":9},"f":{"0":29,"1":9},"b":{"0":[29,21],"1":[29,21],"2":[29,2],"3":[2,27],"4":[29,2],"5":[0,2]},"meta":{"lastBranch":6,"lastFunction":2,"lastStatement":5,"seen":{"f:11:16:11:30":0,"s:12:20:12:Infinity":0,"s:13:18:13:Infinity":1,"b:13:18:13:39:13:39:13:Infinity":0,"s:14:20:14:Infinity":2,"b:14:20:14:37:14:37:14:Infinity":1,"s:16:2:38:Infinity":3,"f:24:18:24:19":1,"s:24:25:24:Infinity":4,"b:27:62:27:75:27:75:27:118":2,"b:30:48:30:65:30:65:30:88":3,"b:32:9:32:Infinity:33:10:35:Infinity":4,"b:34:32:34:71:34:71:34:Infinity":5}}}
,"/Users/agnieszkapyszka/Documents/flashcards-project/src/components/ui/alert.tsx": {"path":"/Users/agnieszkapyszka/Documents/flashcards-project/src/components/ui/alert.tsx","statementMap":{"0":{"start":{"line":6,"column":6},"end":{"line":20,"column":null}},"1":{"start":{"line":23,"column":2},"end":{"line":23,"column":null}},"2":{"start":{"line":27,"column":2},"end":{"line":32,"column":null}},"3":{"start":{"line":37,"column":2},"end":{"line":45,"column":null}}},"fnMap":{"0":{"name":"Alert","decl":{"start":{"line":22,"column":9},"end":{"line":22,"column":15}},"loc":{"start":{"line":22,"column":115},"end":{"line":24,"column":null}},"line":22},"1":{"name":"AlertTitle","decl":{"start":{"line":26,"column":9},"end":{"line":26,"column":20}},"loc":{"start":{"line":26,"column":74},"end":{"line":34,"column":null}},"line":26},"2":{"name":"AlertDescription","decl":{"start":{"line":36,"column":9},"end":{"line":36,"column":26}},"loc":{"start":{"line":36,"column":80},"end":{"line":47,"column":null}},"line":36}},"branchMap":{},"s":{"0":2,"1":2,"2":0,"3":2},"f":{"0":2,"1":0,"2":2},"b":{},"meta":{"lastBranch":0,"lastFunction":3,"lastStatement":4,"seen":{"s:6:6:20:Infinity":0,"f:22:9:22:15":0,"s:23:2:23:Infinity":1,"f:26:9:26:20":1,"s:27:2:32:Infinity":2,"f:36:9:36:26":2,"s:37:2:45:Infinity":3}}}
,"/Users/agnieszkapyszka/Documents/flashcards-project/src/components/ui/button.tsx": {"path":"/Users/agnieszkapyszka/Documents/flashcards-project/src/components/ui/button.tsx","statementMap":{"0":{"start":{"line":7,"column":6},"end":{"line":33,"column":null}},"1":{"start":{"line":45,"column":15},"end":{"line":45,"column":null}},"2":{"start":{"line":47,"column":2},"end":{"line":47,"column":null}}},"fnMap":{"0":{"name":"Button","decl":{"start":{"line":35,"column":9},"end":{"line":35,"column":16}},"loc":{"start":{"line":44,"column":5},"end":{"line":48,"column":null}},"line":44}},"branchMap":{"0":{"loc":{"start":{"line":39,"column":2},"end":{"line":39,"column":null}},"type":"default-arg","locations":[{"start":{"line":39,"column":12},"end":{"line":39,"column":null}}],"line":39},"1":{"loc":{"start":{"line":45,"column":15},"end":{"line":45,"column":null}},"type":"cond-expr","locations":[{"start":{"line":45,"column":25},"end":{"line":45,"column":32}},{"start":{"line":45,"column":32},"end":{"line":45,"column":null}}],"line":45}},"s":{"0":9,"1":417,"2":417},"f":{"0":417},"b":{"0":[417],"1":[104,313]},"meta":{"lastBranch":2,"lastFunction":1,"lastStatement":3,"seen":{"s:7:6:33:Infinity":0,"f:35:9:35:16":0,"b:39:12:39:Infinity":0,"s:45:15:45:Infinity":1,"b:45:25:45:32:45:32:45:Infinity":1,"s:47:2:47:Infinity":2}}}
,"/Users/agnieszkapyszka/Documents/flashcards-project/src/components/ui/input.tsx": {"path":"/Users/agnieszkapyszka/Documents/flashcards-project/src/components/ui/input.tsx","statementMap":{"0":{"start":{"line":6,"column":2},"end":{"line":15,"column":null}}},"fnMap":{"0":{"name":"Input","decl":{"start":{"line":5,"column":9},"end":{"line":5,"column":15}},"loc":{"start":{"line":5,"column":77},"end":{"line":17,"column":null}},"line":5}},"branchMap":{},"s":{"0":152},"f":{"0":152},"b":{},"meta":{"lastBranch":0,"lastFunction":1,"lastStatement":1,"seen":{"f:5:9:5:15":0,"s:6:2:15:Infinity":0}}}
,"/Users/agnieszkapyszka/Documents/flashcards-project/src/components/ui/label.tsx": {"path":"/Users/agnieszkapyszka/Documents/flashcards-project/src/components/ui/label.tsx","statementMap":{"0":{"start":{"line":7,"column":2},"end":{"line":15,"column":null}}},"fnMap":{"0":{"name":"Label","decl":{"start":{"line":6,"column":9},"end":{"line":6,"column":15}},"loc":{"start":{"line":6,"column":90},"end":{"line":17,"column":null}},"line":6}},"branchMap":{},"s":{"0":181},"f":{"0":181},"b":{},"meta":{"lastBranch":0,"lastFunction":1,"lastStatement":1,"seen":{"f:6:9:6:15":0,"s:7:2:15:Infinity":0}}}
,"/Users/agnieszkapyszka/Documents/flashcards-project/src/components/ui/skeleton.tsx": {"path":"/Users/agnieszkapyszka/Documents/flashcards-project/src/components/ui/skeleton.tsx","statementMap":{"0":{"start":{"line":4,"column":2},"end":{"line":4,"column":null}}},"fnMap":{"0":{"name":"Skeleton","decl":{"start":{"line":3,"column":9},"end":{"line":3,"column":18}},"loc":{"start":{"line":3,"column":72},"end":{"line":5,"column":null}},"line":3}},"branchMap":{},"s":{"0":105},"f":{"0":105},"b":{},"meta":{"lastBranch":0,"lastFunction":1,"lastStatement":1,"seen":{"f:3:9:3:18":0,"s:4:2:4:Infinity":0}}}
,"/Users/agnieszkapyszka/Documents/flashcards-project/src/components/ui/textarea.tsx": {"path":"/Users/agnieszkapyszka/Documents/flashcards-project/src/components/ui/textarea.tsx","statementMap":{"0":{"start":{"line":6,"column":2},"end":{"line":14,"column":null}}},"fnMap":{"0":{"name":"Textarea","decl":{"start":{"line":5,"column":9},"end":{"line":5,"column":18}},"loc":{"start":{"line":5,"column":77},"end":{"line":16,"column":null}},"line":5}},"branchMap":{},"s":{"0":109},"f":{"0":109},"b":{},"meta":{"lastBranch":0,"lastFunction":1,"lastStatement":1,"seen":{"f:5:9:5:18":0,"s:6:2:14:Infinity":0}}}
,"/Users/agnieszkapyszka/Documents/flashcards-project/src/hooks/useStudySession.ts": {"path":"/Users/agnieszkapyszka/Documents/flashcards-project/src/hooks/useStudySession.ts","statementMap":{"0":{"start":{"line":16,"column":36},"end":{"line":16,"column":null}},"1":{"start":{"line":17,"column":38},"end":{"line":17,"column":null}},"2":{"start":{"line":18,"column":34},"end":{"line":18,"column":null}},"3":{"start":{"line":19,"column":40},"end":{"line":19,"column":null}},"4":{"start":{"line":20,"column":24},"end":{"line":20,"column":null}},"5":{"start":{"line":21,"column":30},"end":{"line":21,"column":null}},"6":{"start":{"line":27,"column":23},"end":{"line":94,"column":null}},"7":{"start":{"line":28,"column":4},"end":{"line":93,"column":null}},"8":{"start":{"line":29,"column":6},"end":{"line":29,"column":null}},"9":{"start":{"line":30,"column":6},"end":{"line":30,"column":null}},"10":{"start":{"line":32,"column":25},"end":{"line":32,"column":null}},"11":{"start":{"line":33,"column":24},"end":{"line":33,"column":null}},"12":{"start":{"line":33,"column":41},"end":{"line":33,"column":61}},"13":{"start":{"line":35,"column":23},"end":{"line":37,"column":null}},"14":{"start":{"line":39,"column":6},"end":{"line":39,"column":null}},"15":{"start":{"line":42,"column":6},"end":{"line":46,"column":null}},"16":{"start":{"line":43,"column":8},"end":{"line":43,"column":null}},"17":{"start":{"line":44,"column":8},"end":{"line":44,"column":null}},"18":{"start":{"line":45,"column":8},"end":{"line":45,"column":null}},"19":{"start":{"line":49,"column":6},"end":{"line":53,"column":null}},"20":{"start":{"line":50,"column":8},"end":{"line":50,"column":null}},"21":{"start":{"line":51,"column":8},"end":{"line":51,"column":null}},"22":{"start":{"line":52,"column":8},"end":{"line":52,"column":null}},"23":{"start":{"line":56,"column":6},"end":{"line":60,"column":null}},"24":{"start":{"line":57,"column":8},"end":{"line":57,"column":null}},"25":{"start":{"line":58,"column":8},"end":{"line":58,"column":null}},"26":{"start":{"line":59,"column":8},"end":{"line":59,"column":null}},"27":{"start":{"line":63,"column":6},"end":{"line":65,"column":null}},"28":{"start":{"line":64,"column":8},"end":{"line":64,"column":null}},"29":{"start":{"line":67,"column":41},"end":{"line":67,"column":null}},"30":{"start":{"line":70,"column":6},"end":{"line":72,"column":null}},"31":{"start":{"line":71,"column":8},"end":{"line":71,"column":null}},"32":{"start":{"line":74,"column":6},"end":{"line":76,"column":null}},"33":{"start":{"line":75,"column":8},"end":{"line":75,"column":null}},"34":{"start":{"line":78,"column":6},"end":{"line":78,"column":null}},"35":{"start":{"line":79,"column":6},"end":{"line":79,"column":null}},"36":{"start":{"line":80,"column":6},"end":{"line":80,"column":null}},"37":{"start":{"line":81,"column":6},"end":{"line":81,"column":null}},"38":{"start":{"line":83,"column":6},"end":{"line":91,"column":null}},"39":{"start":{"line":84,"column":8},"end":{"line":88,"column":null}},"40":{"start":{"line":85,"column":10},"end":{"line":85,"column":null}},"41":{"start":{"line":87,"column":10},"end":{"line":87,"column":null}},"42":{"start":{"line":90,"column":8},"end":{"line":90,"column":null}},"43":{"start":{"line":92,"column":6},"end":{"line":92,"column":null}},"44":{"start":{"line":99,"column":21},"end":{"line":101,"column":null}},"45":{"start":{"line":100,"column":4},"end":{"line":100,"column":null}},"46":{"start":{"line":107,"column":19},"end":{"line":152,"column":null}},"47":{"start":{"line":108,"column":4},"end":{"line":108,"column":null}},"48":{"start":{"line":108,"column":22},"end":{"line":108,"column":null}},"49":{"start":{"line":110,"column":4},"end":{"line":151,"column":null}},"50":{"start":{"line":111,"column":6},"end":{"line":111,"column":null}},"51":{"start":{"line":112,"column":6},"end":{"line":112,"column":null}},"52":{"start":{"line":114,"column":23},"end":{"line":123,"column":null}},"53":{"start":{"line":126,"column":6},"end":{"line":130,"column":null}},"54":{"start":{"line":127,"column":8},"end":{"line":127,"column":null}},"55":{"start":{"line":128,"column":8},"end":{"line":128,"column":null}},"56":{"start":{"line":129,"column":8},"end":{"line":129,"column":null}},"57":{"start":{"line":132,"column":6},"end":{"line":135,"column":null}},"58":{"start":{"line":133,"column":26},"end":{"line":133,"column":null}},"59":{"start":{"line":134,"column":8},"end":{"line":134,"column":null}},"60":{"start":{"line":142,"column":6},"end":{"line":142,"column":null}},"61":{"start":{"line":144,"column":6},"end":{"line":148,"column":null}},"62":{"start":{"line":145,"column":8},"end":{"line":145,"column":null}},"63":{"start":{"line":147,"column":8},"end":{"line":147,"column":null}},"64":{"start":{"line":150,"column":6},"end":{"line":150,"column":null}},"65":{"start":{"line":157,"column":20},"end":{"line":160,"column":null}},"66":{"start":{"line":158,"column":4},"end":{"line":158,"column":null}},"67":{"start":{"line":159,"column":4},"end":{"line":159,"column":null}},"68":{"start":{"line":163,"column":2},"end":{"line":165,"column":null}},"69":{"start":{"line":164,"column":4},"end":{"line":164,"column":null}},"70":{"start":{"line":167,"column":2},"end":{"line":177,"column":null}}},"fnMap":{"0":{"name":"useStudySession","decl":{"start":{"line":15,"column":16},"end":{"line":15,"column":57}},"loc":{"start":{"line":15,"column":57},"end":{"line":178,"column":null}},"line":15},"1":{"name":"(anonymous_1)","decl":{"start":{"line":27,"column":23},"end":{"line":27,"column":35}},"loc":{"start":{"line":27,"column":35},"end":{"line":94,"column":null}},"line":27},"2":{"name":"(anonymous_2)","decl":{"start":{"line":33,"column":35},"end":{"line":33,"column":41}},"loc":{"start":{"line":33,"column":41},"end":{"line":33,"column":61}},"line":33},"3":{"name":"(anonymous_3)","decl":{"start":{"line":99,"column":21},"end":{"line":99,"column":27}},"loc":{"start":{"line":99,"column":27},"end":{"line":101,"column":null}},"line":99},"4":{"name":"(anonymous_4)","decl":{"start":{"line":107,"column":19},"end":{"line":107,"column":26}},"loc":{"start":{"line":107,"column":45},"end":{"line":152,"column":null}},"line":107},"5":{"name":"(anonymous_5)","decl":{"start":{"line":157,"column":20},"end":{"line":157,"column":32}},"loc":{"start":{"line":157,"column":32},"end":{"line":160,"column":null}},"line":157},"6":{"name":"(anonymous_6)","decl":{"start":{"line":163,"column":12},"end":{"line":163,"column":18}},"loc":{"start":{"line":163,"column":18},"end":{"line":165,"column":5}},"line":163}},"branchMap":{"0":{"loc":{"start":{"line":42,"column":6},"end":{"line":46,"column":null}},"type":"if","locations":[{"start":{"line":42,"column":6},"end":{"line":46,"column":null}},{"start":{},"end":{}}],"line":42},"1":{"loc":{"start":{"line":49,"column":6},"end":{"line":53,"column":null}},"type":"if","locations":[{"start":{"line":49,"column":6},"end":{"line":53,"column":null}},{"start":{},"end":{}}],"line":49},"2":{"loc":{"start":{"line":56,"column":6},"end":{"line":60,"column":null}},"type":"if","locations":[{"start":{"line":56,"column":6},"end":{"line":60,"column":null}},{"start":{},"end":{}}],"line":56},"3":{"loc":{"start":{"line":63,"column":6},"end":{"line":65,"column":null}},"type":"if","locations":[{"start":{"line":63,"column":6},"end":{"line":65,"column":null}},{"start":{},"end":{}}],"line":63},"4":{"loc":{"start":{"line":70,"column":6},"end":{"line":72,"column":null}},"type":"if","locations":[{"start":{"line":70,"column":6},"end":{"line":72,"column":null}},{"start":{},"end":{}}],"line":70},"5":{"loc":{"start":{"line":70,"column":10},"end":{"line":70,"column":50}},"type":"binary-expr","locations":[{"start":{"line":70,"column":10},"end":{"line":70,"column":29}},{"start":{"line":70,"column":29},"end":{"line":70,"column":50}}],"line":70},"6":{"loc":{"start":{"line":74,"column":6},"end":{"line":76,"column":null}},"type":"if","locations":[{"start":{"line":74,"column":6},"end":{"line":76,"column":null}},{"start":{},"end":{}}],"line":74},"7":{"loc":{"start":{"line":74,"column":10},"end":{"line":74,"column":79}},"type":"binary-expr","locations":[{"start":{"line":74,"column":10},"end":{"line":74,"column":32}},{"start":{"line":74,"column":32},"end":{"line":74,"column":57}},{"start":{"line":74,"column":57},"end":{"line":74,"column":79}}],"line":74},"8":{"loc":{"start":{"line":83,"column":6},"end":{"line":91,"column":null}},"type":"if","locations":[{"start":{"line":83,"column":6},"end":{"line":91,"column":null}},{"start":{"line":89,"column":13},"end":{"line":91,"column":null}}],"line":83},"9":{"loc":{"start":{"line":84,"column":8},"end":{"line":88,"column":null}},"type":"if","locations":[{"start":{"line":84,"column":8},"end":{"line":88,"column":null}},{"start":{"line":86,"column":15},"end":{"line":88,"column":null}}],"line":84},"10":{"loc":{"start":{"line":87,"column":19},"end":{"line":87,"column":84}},"type":"binary-expr","locations":[{"start":{"line":87,"column":19},"end":{"line":87,"column":34}},{"start":{"line":87,"column":34},"end":{"line":87,"column":84}}],"line":87},"11":{"loc":{"start":{"line":108,"column":4},"end":{"line":108,"column":null}},"type":"if","locations":[{"start":{"line":108,"column":4},"end":{"line":108,"column":null}},{"start":{},"end":{}}],"line":108},"12":{"loc":{"start":{"line":126,"column":6},"end":{"line":130,"column":null}},"type":"if","locations":[{"start":{"line":126,"column":6},"end":{"line":130,"column":null}},{"start":{},"end":{}}],"line":126},"13":{"loc":{"start":{"line":132,"column":6},"end":{"line":135,"column":null}},"type":"if","locations":[{"start":{"line":132,"column":6},"end":{"line":135,"column":null}},{"start":{},"end":{}}],"line":132},"14":{"loc":{"start":{"line":134,"column":24},"end":{"line":134,"column":76}},"type":"binary-expr","locations":[{"start":{"line":134,"column":24},"end":{"line":134,"column":45}},{"start":{"line":134,"column":45},"end":{"line":134,"column":76}}],"line":134},"15":{"loc":{"start":{"line":144,"column":6},"end":{"line":148,"column":null}},"type":"if","locations":[{"start":{"line":144,"column":6},"end":{"line":148,"column":null}},{"start":{"line":146,"column":13},"end":{"line":148,"column":null}}],"line":144},"16":{"loc":{"start":{"line":145,"column":17},"end":{"line":145,"column":80}},"type":"binary-expr","locations":[{"start":{"line":145,"column":17},"end":{"line":145,"column":32}},{"start":{"line":145,"column":32},"end":{"line":145,"column":80}}],"line":145}},"s":{"0":36,"1":36,"2":36,"3":36,"4":36,"5":36,"6":36,"7":19,"8":19,"9":19,"10":19,"11":19,"12":0,"13":19,"14":16,"15":16,"16":2,"17":2,"18":2,"19":14,"20":1,"21":1,"22":1,"23":13,"24":1,"25":1,"26":1,"27":12,"28":2,"29":10,"30":10,"31":1,"32":9,"33":0,"34":9,"35":9,"36":9,"37":9,"38":5,"39":5,"40":1,"41":4,"42":0,"43":5,"44":36,"45":1,"46":36,"47":5,"48":1,"49":4,"50":4,"51":4,"52":4,"53":4,"54":1,"55":1,"56":1,"57":3,"58":1,"59":1,"60":2,"61":1,"62":1,"63":0,"64":4,"65":36,"66":1,"67":1,"68":36,"69":16,"70":36},"f":{"0":36,"1":19,"2":0,"3":1,"4":5,"5":1,"6":16},"b":{"0":[2,14],"1":[1,13],"2":[1,12],"3":[2,10],"4":[1,9],"5":[10,9],"6":[0,9],"7":[9,9,9],"8":[5,0],"9":[1,4],"10":[4,0],"11":[1,4],"12":[1,3],"13":[1,2],"14":[1,0],"15":[1,0],"16":[1,0]},"meta":{"lastBranch":17,"lastFunction":7,"lastStatement":71,"seen":{"f:15:16:15:57":0,"s:16:36:16:Infinity":0,"s:17:38:17:Infinity":1,"s:18:34:18:Infinity":2,"s:19:40:19:Infinity":3,"s:20:24:20:Infinity":4,"s:21:30:21:Infinity":5,"s:27:23:94:Infinity":6,"f:27:23:27:35":1,"s:28:4:93:Infinity":7,"s:29:6:29:Infinity":8,"s:30:6:30:Infinity":9,"s:32:25:32:Infinity":10,"s:33:24:33:Infinity":11,"f:33:35:33:41":2,"s:33:41:33:61":12,"s:35:23:37:Infinity":13,"s:39:6:39:Infinity":14,"b:42:6:46:Infinity:undefined:undefined:undefined:undefined":0,"s:42:6:46:Infinity":15,"s:43:8:43:Infinity":16,"s:44:8:44:Infinity":17,"s:45:8:45:Infinity":18,"b:49:6:53:Infinity:undefined:undefined:undefined:undefined":1,"s:49:6:53:Infinity":19,"s:50:8:50:Infinity":20,"s:51:8:51:Infinity":21,"s:52:8:52:Infinity":22,"b:56:6:60:Infinity:undefined:undefined:undefined:undefined":2,"s:56:6:60:Infinity":23,"s:57:8:57:Infinity":24,"s:58:8:58:Infinity":25,"s:59:8:59:Infinity":26,"b:63:6:65:Infinity:undefined:undefined:undefined:undefined":3,"s:63:6:65:Infinity":27,"s:64:8:64:Infinity":28,"s:67:41:67:Infinity":29,"b:70:6:72:Infinity:undefined:undefined:undefined:undefined":4,"s:70:6:72:Infinity":30,"b:70:10:70:29:70:29:70:50":5,"s:71:8:71:Infinity":31,"b:74:6:76:Infinity:undefined:undefined:undefined:undefined":6,"s:74:6:76:Infinity":32,"b:74:10:74:32:74:32:74:57:74:57:74:79":7,"s:75:8:75:Infinity":33,"s:78:6:78:Infinity":34,"s:79:6:79:Infinity":35,"s:80:6:80:Infinity":36,"s:81:6:81:Infinity":37,"b:83:6:91:Infinity:89:13:91:Infinity":8,"s:83:6:91:Infinity":38,"b:84:8:88:Infinity:86:15:88:Infinity":9,"s:84:8:88:Infinity":39,"s:85:10:85:Infinity":40,"s:87:10:87:Infinity":41,"b:87:19:87:34:87:34:87:84":10,"s:90:8:90:Infinity":42,"s:92:6:92:Infinity":43,"s:99:21:101:Infinity":44,"f:99:21:99:27":3,"s:100:4:100:Infinity":45,"s:107:19:152:Infinity":46,"f:107:19:107:26":4,"b:108:4:108:Infinity:undefined:undefined:undefined:undefined":11,"s:108:4:108:Infinity":47,"s:108:22:108:Infinity":48,"s:110:4:151:Infinity":49,"s:111:6:111:Infinity":50,"s:112:6:112:Infinity":51,"s:114:23:123:Infinity":52,"b:126:6:130:Infinity:undefined:undefined:undefined:undefined":12,"s:126:6:130:Infinity":53,"s:127:8:127:Infinity":54,"s:128:8:128:Infinity":55,"s:129:8:129:Infinity":56,"b:132:6:135:Infinity:undefined:undefined:undefined:undefined":13,"s:132:6:135:Infinity":57,"s:133:26:133:Infinity":58,"s:134:8:134:Infinity":59,"b:134:24:134:45:134:45:134:76":14,"s:142:6:142:Infinity":60,"b:144:6:148:Infinity:146:13:148:Infinity":15,"s:144:6:148:Infinity":61,"s:145:8:145:Infinity":62,"b:145:17:145:32:145:32:145:80":16,"s:147:8:147:Infinity":63,"s:150:6:150:Infinity":64,"s:157:20:160:Infinity":65,"f:157:20:157:32":5,"s:158:4:158:Infinity":66,"s:159:4:159:Infinity":67,"s:163:2:165:Infinity":68,"f:163:12:163:18":6,"s:164:4:164:Infinity":69,"s:167:2:177:Infinity":70}}}
,"/Users/agnieszkapyszka/Documents/flashcards-project/src/lib/utils.ts": {"path":"/Users/agnieszkapyszka/Documents/flashcards-project/src/lib/utils.ts","statementMap":{"0":{"start":{"line":5,"column":2},"end":{"line":5,"column":null}}},"fnMap":{"0":{"name":"cn","decl":{"start":{"line":4,"column":16},"end":{"line":4,"column":22}},"loc":{"start":{"line":4,"column":44},"end":{"line":6,"column":null}},"line":4}},"branchMap":{},"s":{"0":1241},"f":{"0":1241},"b":{},"meta":{"lastBranch":0,"lastFunction":1,"lastStatement":1,"seen":{"f:4:16:4:22":0,"s:5:2:5:Infinity":0}}}
}
